<?xml version="1.0" encoding="UTF-8"?>
<testng-results ignored="0" total="1" passed="1" failed="0" skipped="0">
  <reporter-output>
  </reporter-output>
  <suite started-at="2021-03-10T15:20:39 IST" name="Default suite" finished-at="2021-03-10T15:20:50 IST" duration-ms="11715">
    <groups>
    </groups>
    <test started-at="2021-03-10T15:20:39 IST" name="Default test" finished-at="2021-03-10T15:20:50 IST" duration-ms="11715">
      <class name="com.hotstar.testcase.task2searchresults">
        <test-method is-config="true" signature="setup()[pri:0, instance:com.hotstar.testcase.task2searchresults@15043a2f]" started-at="2021-03-10T15:20:39 IST" name="setup" finished-at="2021-03-10T15:20:44 IST" duration-ms="4985" status="PASS">
          <reporter-output>
          </reporter-output>
        </test-method> <!-- setup -->
        <test-method signature="task2page()[pri:0, instance:com.hotstar.testcase.task2searchresults@15043a2f]" started-at="2021-03-10T15:20:44 IST" name="task2page" finished-at="2021-03-10T15:20:49 IST" duration-ms="5394" status="PASS">
          <reporter-output>
          </reporter-output>
        </test-method> <!-- task2page -->
        <test-method is-config="true" signature="teardown()[pri:0, instance:com.hotstar.testcase.task2searchresults@15043a2f]" started-at="2021-03-10T15:20:49 IST" name="teardown" finished-at="2021-03-10T15:20:50 IST" duration-ms="1276" status="PASS">
          <reporter-output>
          </reporter-output>
        </test-method> <!-- teardown -->
      </class> <!-- com.hotstar.testcase.task2searchresults -->
    </test> <!-- Default test -->
  </suite> <!-- Default suite -->
</testng-results>
